{"D:\\MateAcademy\\js_format_date_advanced\\src\\formatDate.js": {"path":"D:\\MateAcademy\\js_format_date_advanced\\src\\formatDate.js","statementMap":{"0":{"start":{"line":53,"column":20},"end":{"line":53,"column":45}},"1":{"start":{"line":54,"column":18},"end":{"line":54,"column":20}},"2":{"start":{"line":55,"column":19},"end":{"line":55,"column":21}},"3":{"start":{"line":56,"column":21},"end":{"line":57,"column":44}},"4":{"start":{"line":59,"column":2},"end":{"line":61,"column":3}},"5":{"start":{"line":59,"column":15},"end":{"line":59,"column":16}},"6":{"start":{"line":60,"column":4},"end":{"line":60,"column":46}},"7":{"start":{"line":63,"column":2},"end":{"line":71,"column":3}},"8":{"start":{"line":63,"column":15},"end":{"line":63,"column":16}},"9":{"start":{"line":64,"column":19},"end":{"line":64,"column":43}},"10":{"start":{"line":66,"column":4},"end":{"line":68,"column":5}},"11":{"start":{"line":67,"column":6},"end":{"line":67,"column":44}},"12":{"start":{"line":70,"column":4},"end":{"line":70,"column":27}},"13":{"start":{"line":73,"column":2},"end":{"line":73,"column":35}},"14":{"start":{"line":77,"column":23},"end":{"line":77,"column":40}},"15":{"start":{"line":79,"column":2},"end":{"line":82,"column":3}},"16":{"start":{"line":80,"column":4},"end":{"line":81,"column":59}},"17":{"start":{"line":84,"column":2},"end":{"line":86,"column":3}},"18":{"start":{"line":85,"column":4},"end":{"line":85,"column":31}},"19":{"start":{"line":88,"column":2},"end":{"line":88,"column":29}},"20":{"start":{"line":91,"column":0},"end":{"line":91,"column":28}}},"fnMap":{"0":{"name":"formatDate","decl":{"start":{"line":52,"column":9},"end":{"line":52,"column":19}},"loc":{"start":{"line":52,"column":48},"end":{"line":74,"column":1}},"line":52},"1":{"name":"changeYearFormat","decl":{"start":{"line":76,"column":9},"end":{"line":76,"column":25}},"loc":{"start":{"line":76,"column":34},"end":{"line":89,"column":1}},"line":76}},"branchMap":{"0":{"loc":{"start":{"line":66,"column":4},"end":{"line":68,"column":5}},"type":"if","locations":[{"start":{"line":66,"column":4},"end":{"line":68,"column":5}},{"start":{"line":66,"column":4},"end":{"line":68,"column":5}}],"line":66},"1":{"loc":{"start":{"line":66,"column":8},"end":{"line":66,"column":49}},"type":"binary-expr","locations":[{"start":{"line":66,"column":8},"end":{"line":66,"column":35}},{"start":{"line":66,"column":39},"end":{"line":66,"column":49}}],"line":66},"2":{"loc":{"start":{"line":79,"column":2},"end":{"line":82,"column":3}},"type":"if","locations":[{"start":{"line":79,"column":2},"end":{"line":82,"column":3}},{"start":{"line":79,"column":2},"end":{"line":82,"column":3}}],"line":79},"3":{"loc":{"start":{"line":84,"column":2},"end":{"line":86,"column":3}},"type":"if","locations":[{"start":{"line":84,"column":2},"end":{"line":86,"column":3}},{"start":{"line":84,"column":2},"end":{"line":86,"column":3}}],"line":84}},"s":{"0":10,"1":10,"2":10,"3":10,"4":10,"5":10,"6":30,"7":10,"8":10,"9":30,"10":30,"11":6,"12":30,"13":10,"14":6,"15":6,"16":2,"17":4,"18":2,"19":2,"20":1},"f":{"0":10,"1":6},"b":{"0":[6,24],"1":[30,10],"2":[2,4],"3":[2,2]},"_coverageSchema":"43e27e138ebf9cfc5966b082cf9a028302ed4184","hash":"dac2db59d840dd468505bc08a2824672ccf17429"}
}
