{"D:\\Repo\\js_format_date_advanced\\src\\formatDate.js": {"path":"D:\\Repo\\js_format_date_advanced\\src\\formatDate.js","statementMap":{"0":{"start":{"line":11,"column":23},"end":{"line":11,"column":40}},"1":{"start":{"line":12,"column":23},"end":{"line":12,"column":38}},"2":{"start":{"line":14,"column":20},"end":{"line":14,"column":44}},"3":{"start":{"line":16,"column":27},"end":{"line":16,"column":65}},"4":{"start":{"line":17,"column":27},"end":{"line":17,"column":50}},"5":{"start":{"line":20,"column":2},"end":{"line":23,"column":3}},"6":{"start":{"line":20,"column":15},"end":{"line":20,"column":16}},"7":{"start":{"line":21,"column":4},"end":{"line":21,"column":46}},"8":{"start":{"line":22,"column":4},"end":{"line":22,"column":44}},"9":{"start":{"line":25,"column":30},"end":{"line":25,"column":70}},"10":{"start":{"line":26,"column":30},"end":{"line":26,"column":68}},"11":{"start":{"line":28,"column":2},"end":{"line":41,"column":3}},"12":{"start":{"line":30,"column":4},"end":{"line":40,"column":5}},"13":{"start":{"line":31,"column":6},"end":{"line":32,"column":50}},"14":{"start":{"line":36,"column":8},"end":{"line":36,"column":76}},"15":{"start":{"line":38,"column":6},"end":{"line":39,"column":54}},"16":{"start":{"line":43,"column":24},"end":{"line":43,"column":26}},"17":{"start":{"line":45,"column":2},"end":{"line":45,"column":74}},"18":{"start":{"line":46,"column":2},"end":{"line":46,"column":76}},"19":{"start":{"line":47,"column":2},"end":{"line":47,"column":72}},"20":{"start":{"line":49,"column":2},"end":{"line":49,"column":42}},"21":{"start":{"line":52,"column":4},"end":{"line":64,"column":5}},"22":{"start":{"line":54,"column":8},"end":{"line":54,"column":26}},"23":{"start":{"line":55,"column":8},"end":{"line":55,"column":14}},"24":{"start":{"line":57,"column":8},"end":{"line":57,"column":27}},"25":{"start":{"line":58,"column":8},"end":{"line":58,"column":14}},"26":{"start":{"line":60,"column":8},"end":{"line":60,"column":25}},"27":{"start":{"line":61,"column":8},"end":{"line":61,"column":14}},"28":{"start":{"line":63,"column":8},"end":{"line":63,"column":65}},"29":{"start":{"line":68,"column":0},"end":{"line":68,"column":28}}},"fnMap":{"0":{"name":"formatDate","decl":{"start":{"line":10,"column":9},"end":{"line":10,"column":19}},"loc":{"start":{"line":10,"column":48},"end":{"line":66,"column":1}},"line":10},"1":{"name":"setIndex","decl":{"start":{"line":51,"column":11},"end":{"line":51,"column":19}},"loc":{"start":{"line":51,"column":44},"end":{"line":65,"column":3}},"line":51}},"branchMap":{"0":{"loc":{"start":{"line":28,"column":2},"end":{"line":41,"column":3}},"type":"if","locations":[{"start":{"line":28,"column":2},"end":{"line":41,"column":3}},{"start":{},"end":{}}],"line":28},"1":{"loc":{"start":{"line":30,"column":4},"end":{"line":40,"column":5}},"type":"if","locations":[{"start":{"line":30,"column":4},"end":{"line":40,"column":5}},{"start":{"line":34,"column":11},"end":{"line":40,"column":5}}],"line":30},"2":{"loc":{"start":{"line":36,"column":8},"end":{"line":36,"column":76}},"type":"cond-expr","locations":[{"start":{"line":36,"column":65},"end":{"line":36,"column":69}},{"start":{"line":36,"column":72},"end":{"line":36,"column":76}}],"line":36},"3":{"loc":{"start":{"line":52,"column":4},"end":{"line":64,"column":5}},"type":"switch","locations":[{"start":{"line":53,"column":6},"end":{"line":55,"column":14}},{"start":{"line":56,"column":6},"end":{"line":58,"column":14}},{"start":{"line":59,"column":6},"end":{"line":61,"column":14}},{"start":{"line":62,"column":6},"end":{"line":63,"column":65}}],"line":52}},"s":{"0":10,"1":10,"2":10,"3":10,"4":10,"5":10,"6":10,"7":30,"8":30,"9":10,"10":10,"11":10,"12":6,"13":2,"14":4,"15":4,"16":10,"17":10,"18":10,"19":10,"20":10,"21":60,"22":20,"23":20,"24":20,"25":20,"26":20,"27":20,"28":0,"29":1},"f":{"0":10,"1":60},"b":{"0":[6,4],"1":[2,4],"2":[2,2],"3":[20,20,20,0]},"_coverageSchema":"1a1c01bbd47fc00a2c39e90264f33305004495a9","hash":"0998eb183b999bd4599a8de480e41c0b50b7ff99"}
}
