TN:
SF:src\formatDate.js
FN:10,formatDate
FN:51,setIndex
FNF:2
FNH:2
FNDA:10,formatDate
FNDA:60,setIndex
DA:11,10
DA:12,10
DA:14,10
DA:16,10
DA:17,10
DA:20,10
DA:21,30
DA:22,30
DA:25,10
DA:26,10
DA:28,10
DA:30,6
DA:31,2
DA:36,4
DA:38,4
DA:43,10
DA:45,10
DA:46,10
DA:47,10
DA:49,10
DA:52,60
DA:54,20
DA:55,20
DA:57,20
DA:58,20
DA:60,20
DA:61,20
DA:63,0
DA:68,1
LF:29
LH:28
BRDA:28,0,0,6
BRDA:28,0,1,4
BRDA:30,1,0,2
BRDA:30,1,1,4
BRDA:36,2,0,2
BRDA:36,2,1,2
BRDA:52,3,0,20
BRDA:52,3,1,20
BRDA:52,3,2,20
BRDA:52,3,3,0
BRF:10
BRH:9
end_of_record
